[2025-06-02 11:49:26] INFO: Application setup complete
[2025-06-02 11:49:26] INFO: Connected to MongoDB
[2025-06-02 11:49:26] INFO: Scheduled meal creation cron job
[2025-06-02 11:49:26] INFO: Server running on http://localhost:5000
[2025-06-02 11:49:52] INFO: Application setup complete
[2025-06-02 11:49:52] INFO: Connected to MongoDB
[2025-06-02 11:49:52] INFO: Scheduled meal creation cron job
[2025-06-02 11:49:52] INFO: Server running on http://localhost:5000
[2025-06-02 11:50:00] INFO: Root route accessed
[2025-06-02 11:50:00] INFO: GET / 200 2.610 ms
[2025-06-02 11:50:00] INFO: GET /favicon.ico 404 0.451 ms
[2025-06-02 11:50:25] INFO: Application setup complete
[2025-06-02 11:50:26] INFO: Connected to MongoDB
[2025-06-02 11:50:26] INFO: Scheduled meal creation cron job
[2025-06-02 11:50:26] INFO: Server running on http://localhost:5000
[2025-06-02 11:50:28] INFO: Root route accessed
[2025-06-02 11:50:28] INFO: GET / 200 2.675 ms
[2025-06-02 11:50:29] INFO: Root route accessed
[2025-06-02 11:50:29] INFO: GET / 304 1.089 ms
[2025-06-02 11:50:30] INFO: Root route accessed
[2025-06-02 11:50:30] INFO: GET / 304 0.931 ms
[2025-06-02 11:51:13] INFO: Application setup complete
[2025-06-02 11:51:13] INFO: Connected to MongoDB
[2025-06-02 11:51:13] INFO: Scheduled meal creation cron job
[2025-06-02 11:51:13] INFO: Server running on http://localhost:5000
[2025-06-02 11:51:44] INFO: Application setup complete
[2025-06-02 11:51:45] INFO: Connected to MongoDB
[2025-06-02 11:51:45] INFO: Scheduled meal creation cron job
[2025-06-02 11:51:45] INFO: Server running on http://localhost:5000
[2025-06-02 11:52:20] INFO: Application setup complete
[2025-06-02 11:52:20] INFO: Connected to MongoDB
[2025-06-02 11:52:20] INFO: Scheduled meal creation cron job
[2025-06-02 11:52:20] INFO: Server running on http://localhost:5000
[2025-06-02 11:52:29] INFO: Application setup complete
[2025-06-02 11:52:29] INFO: Connected to MongoDB
[2025-06-02 11:52:29] INFO: Scheduled meal creation cron job
[2025-06-02 11:52:29] INFO: Server running on http://localhost:5000
[2025-06-02 11:52:54] INFO: Application setup complete
[2025-06-02 11:52:54] INFO: Connected to MongoDB
[2025-06-02 11:52:54] INFO: Scheduled meal creation cron job
[2025-06-02 11:52:54] INFO: Server running on http://localhost:5000
[2025-06-02 11:53:19] INFO: Application setup complete
[2025-06-02 11:53:19] INFO: Connected to MongoDB
[2025-06-02 11:53:19] INFO: Scheduled meal creation cron job
[2025-06-02 11:53:19] INFO: Server running on http://localhost:5000
[2025-06-02 11:53:40] INFO: Application setup complete
[2025-06-02 11:53:40] INFO: Connected to MongoDB
[2025-06-02 11:53:40] INFO: Scheduled meal creation cron job
[2025-06-02 11:53:40] INFO: Server running on http://localhost:5000
[2025-06-02 11:54:05] INFO: Application setup complete
[2025-06-02 11:54:05] INFO: Connected to MongoDB
[2025-06-02 11:54:05] INFO: Scheduled meal creation cron job
[2025-06-02 11:54:05] INFO: Server running on http://localhost:5000
[2025-06-02 11:54:30] INFO: Application setup complete
[2025-06-02 11:54:30] INFO: Connected to MongoDB
[2025-06-02 11:54:30] INFO: Scheduled meal creation cron job
[2025-06-02 11:54:30] INFO: Server running on http://localhost:5000
[2025-06-02 11:54:37] INFO: Application setup complete
[2025-06-02 11:54:37] INFO: Connected to MongoDB
[2025-06-02 11:54:37] INFO: Scheduled meal creation cron job
[2025-06-02 11:54:37] INFO: Server running on http://localhost:5000
[2025-06-02 11:54:54] INFO: Application setup complete
[2025-06-02 11:54:54] INFO: Connected to MongoDB
[2025-06-02 11:54:54] INFO: Scheduled meal creation cron job
[2025-06-02 11:54:54] INFO: Server running on http://localhost:5000
[2025-06-02 11:55:31] INFO: Application setup complete
[2025-06-02 11:55:31] INFO: Connected to MongoDB
[2025-06-02 11:55:31] INFO: Scheduled meal creation cron job
[2025-06-02 11:55:31] INFO: Server running on http://localhost:5000
[2025-06-02 11:56:03] INFO: Application setup complete
[2025-06-02 11:56:04] INFO: Connected to MongoDB
[2025-06-02 11:56:04] INFO: Scheduled meal creation cron job
[2025-06-02 11:56:04] INFO: Server running on http://localhost:5000
[2025-06-02 11:56:33] INFO: Application setup complete
[2025-06-02 11:56:33] INFO: Connected to MongoDB
[2025-06-02 11:56:33] INFO: Scheduled meal creation cron job
[2025-06-02 11:56:33] INFO: Server running on http://localhost:5000
[2025-06-02 11:56:53] INFO: Application setup complete
[2025-06-02 11:56:53] INFO: Connected to MongoDB
[2025-06-02 11:56:53] INFO: Scheduled meal creation cron job
[2025-06-02 11:56:53] INFO: Server running on http://localhost:5000
[2025-06-02 11:56:58] INFO: Application setup complete
[2025-06-02 11:56:58] INFO: Connected to MongoDB
[2025-06-02 11:56:58] INFO: Scheduled meal creation cron job
[2025-06-02 11:56:58] INFO: Server running on http://localhost:5000
[2025-06-02 12:06:19] INFO: POST /api/v1/expense 401 4.526 ms
[2025-06-02 12:06:28] INFO: POST /api/v1/auth/signin 200 151.498 ms
[2025-06-02 12:07:46] INFO: POST /api/v1/expense 400 20.989 ms
[2025-06-02 12:08:43] INFO: POST /api/v1/expense 400 5.702 ms
[2025-06-02 12:09:24] INFO: POST /api/v1/expense 400 5.392 ms
[2025-06-02 12:11:50] INFO: POST /api/v1/expense 400 4.280 ms
[2025-06-02 12:12:40] INFO: POST /api/v1/expense 400 3.725 ms
[2025-06-02 12:12:43] INFO: POST /api/v1/expense 400 4.147 ms
[2025-06-02 12:13:51] INFO: POST /api/v1/expense 201 200.248 ms
[2025-06-02 12:16:09] INFO: GET /api/v1/expense 200 25.001 ms
[2025-06-02 12:16:50] INFO: Application setup complete
[2025-06-02 12:16:50] INFO: Connected to MongoDB
[2025-06-02 12:16:50] INFO: Scheduled meal creation cron job
[2025-06-02 12:16:50] INFO: Server running on http://localhost:5000
[2025-06-02 12:17:46] INFO: POST /api/v1/expense 201 60.637 ms
[2025-06-02 12:17:49] INFO: GET /api/v1/expense 200 26.293 ms
[2025-06-02 12:18:13] INFO: Application setup complete
[2025-06-02 12:18:13] INFO: Connected to MongoDB
[2025-06-02 12:18:13] INFO: Scheduled meal creation cron job
[2025-06-02 12:18:13] INFO: Server running on http://localhost:5000
[2025-06-02 12:18:18] INFO: GET /api/v1/expense 200 48.918 ms
[2025-06-02 12:18:25] INFO: GET /api/v1/expense 200 13.019 ms
[2025-06-02 12:19:05] INFO: Application setup complete
[2025-06-02 12:19:05] INFO: Connected to MongoDB
[2025-06-02 12:19:05] INFO: Scheduled meal creation cron job
[2025-06-02 12:19:05] INFO: Server running on http://localhost:5000
[2025-06-02 12:19:08] INFO: GET /api/v1/expense 200 31.474 ms
[2025-06-02 12:19:56] INFO: GET /api/v1/expense 200 16.937 ms
[2025-06-02 12:22:37] INFO: Application setup complete
[2025-06-02 12:22:37] INFO: Connected to MongoDB
[2025-06-02 12:22:37] INFO: Scheduled meal creation cron job
[2025-06-02 12:22:37] INFO: Server running on http://localhost:5000
[2025-06-02 12:23:06] INFO: Application setup complete
[2025-06-02 12:23:06] INFO: Connected to MongoDB
[2025-06-02 12:23:06] INFO: Scheduled meal creation cron job
[2025-06-02 12:23:06] INFO: Server running on http://localhost:5000
[2025-06-02 12:25:50] INFO: Application setup complete
[2025-06-02 12:25:50] INFO: Connected to MongoDB
[2025-06-02 12:25:50] INFO: Scheduled meal creation cron job
[2025-06-02 12:25:50] INFO: Server running on http://localhost:5000
[2025-06-02 12:26:05] INFO: Application setup complete
[2025-06-02 12:26:05] INFO: Connected to MongoDB
[2025-06-02 12:26:05] INFO: Scheduled meal creation cron job
[2025-06-02 12:26:05] INFO: Server running on http://localhost:5000
[2025-06-02 12:26:23] INFO: Application setup complete
[2025-06-02 12:26:23] INFO: Connected to MongoDB
[2025-06-02 12:26:23] INFO: Scheduled meal creation cron job
[2025-06-02 12:26:23] INFO: Server running on http://localhost:5000
[2025-06-02 12:26:32] INFO: Application setup complete
[2025-06-02 12:26:32] INFO: Connected to MongoDB
[2025-06-02 12:26:32] INFO: Scheduled meal creation cron job
[2025-06-02 12:26:32] INFO: Server running on http://localhost:5000
[2025-06-02 12:27:41] INFO: Application setup complete
[2025-06-02 12:27:41] INFO: Connected to MongoDB
[2025-06-02 12:27:41] INFO: Scheduled meal creation cron job
[2025-06-02 12:27:41] INFO: Server running on http://localhost:5000
[2025-06-02 12:28:24] INFO: Application setup complete
[2025-06-02 12:28:24] INFO: Connected to MongoDB
[2025-06-02 12:28:25] INFO: Scheduled meal creation cron job
[2025-06-02 12:28:25] INFO: Server running on http://localhost:5000
[2025-06-02 12:28:43] INFO: GET /api/v1/report 404 16.866 ms
[2025-06-02 12:29:16] INFO: Application setup complete
[2025-06-02 12:29:17] INFO: Connected to MongoDB
[2025-06-02 12:29:17] INFO: Scheduled meal creation cron job
[2025-06-02 12:29:17] INFO: Server running on http://localhost:5000
[2025-06-02 12:29:21] INFO: GET /api/v1/report 200 147.127 ms
[2025-06-02 12:29:54] INFO: Application setup complete
[2025-06-02 12:29:54] INFO: Connected to MongoDB
[2025-06-02 12:29:54] INFO: Scheduled meal creation cron job
[2025-06-02 12:29:54] INFO: Server running on http://localhost:5000
[2025-06-02 12:34:30] INFO: GET /api/v1/report 200 30.718 ms
[2025-06-02 12:34:47] INFO: GET /api/v1/expense 200 25.668 ms
[2025-06-02 12:35:08] INFO: GET /api/v1/report 200 16.107 ms
[2025-06-02 12:36:07] INFO: Application setup complete
[2025-06-02 12:36:07] INFO: Connected to MongoDB
[2025-06-02 12:36:07] INFO: Scheduled meal creation cron job
[2025-06-02 12:36:07] INFO: Server running on http://localhost:5000
[2025-06-02 12:36:10] INFO: GET /api/v1/report 200 25.777 ms
[2025-06-02 12:36:45] INFO: Application setup complete
[2025-06-02 12:36:45] INFO: Connected to MongoDB
[2025-06-02 12:36:45] INFO: Scheduled meal creation cron job
[2025-06-02 12:36:45] INFO: Server running on http://localhost:5000
[2025-06-02 12:36:52] INFO: GET /api/v1/report 200 31.546 ms
[2025-06-02 12:37:23] INFO: GET /api/v1/report 200 12.602 ms
[2025-06-02 12:37:50] INFO: Application setup complete
[2025-06-02 12:37:50] INFO: Connected to MongoDB
[2025-06-02 12:37:50] INFO: Scheduled meal creation cron job
[2025-06-02 12:37:50] INFO: Server running on http://localhost:5000
[2025-06-02 12:39:46] INFO: Application setup complete
[2025-06-02 12:39:46] INFO: Connected to MongoDB
[2025-06-02 12:39:46] INFO: Scheduled meal creation cron job
[2025-06-02 12:39:46] INFO: Server running on http://localhost:5000
[2025-06-02 12:40:20] INFO: Application setup complete
[2025-06-02 12:40:20] INFO: Connected to MongoDB
[2025-06-02 12:40:20] INFO: Scheduled meal creation cron job
[2025-06-02 12:40:20] INFO: Server running on http://localhost:5000
[2025-06-02 12:41:03] INFO: Application setup complete
[2025-06-02 12:41:03] INFO: Connected to MongoDB
[2025-06-02 12:41:03] INFO: Scheduled meal creation cron job
[2025-06-02 12:41:03] INFO: Server running on http://localhost:5000
[2025-06-02 12:41:38] INFO: GET /api/v1/report?userId=683c220744a0ea2bcf42e419 200 29.977 ms
[2025-06-02 12:42:38] INFO: Application setup complete
[2025-06-02 12:42:38] INFO: Connected to MongoDB
[2025-06-02 12:42:38] INFO: Scheduled meal creation cron job
[2025-06-02 12:42:38] INFO: Server running on http://localhost:5000
[2025-06-02 12:46:29] INFO: Application setup complete
[2025-06-02 12:46:29] INFO: Connected to MongoDB
[2025-06-02 12:46:29] INFO: Scheduled meal creation cron job
[2025-06-02 12:46:29] INFO: Server running on http://localhost:5000
[2025-06-02 12:46:34] INFO: GET /api/v1/report 200 24.375 ms
[2025-06-02 12:50:46] INFO: Application setup complete
[2025-06-02 12:50:46] INFO: Connected to MongoDB
[2025-06-02 12:50:46] INFO: Scheduled meal creation cron job
[2025-06-02 12:50:46] INFO: Server running on http://localhost:5000
[2025-06-02 12:50:58] INFO: GET /api/v1/report 200 25.604 ms
[2025-06-02 12:51:51] INFO: Application setup complete
[2025-06-02 12:51:51] INFO: Connected to MongoDB
[2025-06-02 12:51:51] INFO: Scheduled meal creation cron job
[2025-06-02 12:51:51] INFO: Server running on http://localhost:5000
[2025-06-02 12:51:54] INFO: GET /api/v1/report 200 26.011 ms
[2025-06-02 12:53:02] INFO: Application setup complete
[2025-06-02 12:53:02] INFO: Connected to MongoDB
[2025-06-02 12:53:02] INFO: Scheduled meal creation cron job
[2025-06-02 12:53:02] INFO: Server running on http://localhost:5000
[2025-06-02 12:53:08] INFO: Application setup complete
[2025-06-02 12:53:08] INFO: Connected to MongoDB
[2025-06-02 12:53:08] INFO: Scheduled meal creation cron job
[2025-06-02 12:53:08] INFO: Server running on http://localhost:5000
[2025-06-02 12:53:59] INFO: Application setup complete
[2025-06-02 12:53:59] INFO: Connected to MongoDB
[2025-06-02 12:53:59] INFO: Scheduled meal creation cron job
[2025-06-02 12:53:59] INFO: Server running on http://localhost:5000
[2025-06-02 12:55:08] INFO: Application setup complete
[2025-06-02 12:55:08] INFO: Connected to MongoDB
[2025-06-02 12:55:08] INFO: Scheduled meal creation cron job
[2025-06-02 12:55:08] INFO: Server running on http://localhost:5000
[2025-06-02 12:55:54] INFO: Application setup complete
[2025-06-02 12:55:55] INFO: Connected to MongoDB
[2025-06-02 12:55:55] INFO: Scheduled meal creation cron job
[2025-06-02 12:55:55] INFO: Server running on http://localhost:5000
[2025-06-02 12:58:16] INFO: Application setup complete
[2025-06-02 12:58:16] INFO: Connected to MongoDB
[2025-06-02 12:58:16] INFO: Scheduled meal creation cron job
[2025-06-02 12:58:16] INFO: Server running on http://localhost:5000
[2025-06-02 12:58:26] INFO: Application setup complete
[2025-06-02 12:58:27] INFO: Connected to MongoDB
[2025-06-02 12:58:27] INFO: Scheduled meal creation cron job
[2025-06-02 12:58:27] INFO: Server running on http://localhost:5000
[2025-06-02 12:58:45] INFO: Application setup complete
[2025-06-02 12:58:45] INFO: Connected to MongoDB
[2025-06-02 12:58:45] INFO: Scheduled meal creation cron job
[2025-06-02 12:58:45] INFO: Server running on http://localhost:5000
[2025-06-02 12:59:11] INFO: Application setup complete
[2025-06-02 12:59:12] INFO: Connected to MongoDB
[2025-06-02 12:59:12] INFO: Scheduled meal creation cron job
[2025-06-02 12:59:12] INFO: Server running on http://localhost:5000
[2025-06-02 12:59:40] INFO: Application setup complete
[2025-06-02 12:59:40] INFO: Connected to MongoDB
[2025-06-02 12:59:41] INFO: Scheduled meal creation cron job
[2025-06-02 12:59:41] INFO: Server running on http://localhost:5000
[2025-06-02 12:59:48] INFO: Application setup complete
[2025-06-02 12:59:48] INFO: Connected to MongoDB
[2025-06-02 12:59:48] INFO: Scheduled meal creation cron job
[2025-06-02 12:59:48] INFO: Server running on http://localhost:5000
[2025-06-02 12:59:54] INFO: Application setup complete
[2025-06-02 12:59:54] INFO: Connected to MongoDB
[2025-06-02 12:59:54] INFO: Scheduled meal creation cron job
[2025-06-02 12:59:54] INFO: Server running on http://localhost:5000
[2025-06-02 13:00:34] INFO: GET /api/v1/report/users-meal-report 401 4.844 ms
[2025-06-02 13:00:42] INFO: POST /api/v1/auth/signin 200 85.385 ms
[2025-06-02 13:01:13] INFO: GET /api/v1/report/users-meal-report 200 18.020 ms
[2025-06-02 13:01:19] INFO: GET /api/v1/report/users-meal-report 200 13.079 ms
[2025-06-02 13:02:01] INFO: GET /api/v1/report 200 10.238 ms
[2025-06-02 13:04:48] INFO: Application setup complete
[2025-06-02 13:04:48] INFO: Connected to MongoDB
[2025-06-02 13:04:48] INFO: Scheduled meal creation cron job
[2025-06-02 13:04:48] INFO: Server running on http://localhost:5000
[2025-06-02 13:05:00] INFO: Application setup complete
[2025-06-02 13:05:00] INFO: Connected to MongoDB
[2025-06-02 13:05:00] INFO: Scheduled meal creation cron job
[2025-06-02 13:05:00] INFO: Server running on http://localhost:5000
[2025-06-02 13:05:06] INFO: GET /api/v1/report 200 28.151 ms
[2025-06-02 14:33:27] INFO: GET /api/v1/report 401 8.213 ms
[2025-06-02 14:34:39] INFO: Application setup complete
[2025-06-02 14:34:39] INFO: Connected to MongoDB
[2025-06-02 14:34:39] INFO: Scheduled meal creation cron job
[2025-06-02 14:34:39] INFO: Server running on http://localhost:5000
[2025-06-02 14:35:41] INFO: Application setup complete
[2025-06-02 14:35:41] INFO: Connected to MongoDB
[2025-06-02 14:35:41] INFO: Scheduled meal creation cron job
[2025-06-02 14:35:41] INFO: Server running on http://localhost:5000
[2025-06-02 14:35:51] INFO: Application setup complete
[2025-06-02 14:35:51] INFO: Connected to MongoDB
[2025-06-02 14:35:51] INFO: Scheduled meal creation cron job
[2025-06-02 14:35:51] INFO: Server running on http://localhost:5000
[2025-06-02 14:37:43] INFO: Application setup complete
[2025-06-02 14:37:43] INFO: Connected to MongoDB
[2025-06-02 14:37:43] INFO: Scheduled meal creation cron job
[2025-06-02 14:37:43] INFO: Server running on http://localhost:5000
[2025-06-02 14:37:55] INFO: Application setup complete
[2025-06-02 14:37:55] INFO: Connected to MongoDB
[2025-06-02 14:37:55] INFO: Scheduled meal creation cron job
[2025-06-02 14:37:55] INFO: Server running on http://localhost:5000
[2025-06-02 14:39:43] INFO: Application setup complete
[2025-06-02 14:39:43] INFO: Connected to MongoDB
[2025-06-02 14:39:43] INFO: Scheduled meal creation cron job
[2025-06-02 14:39:43] INFO: Server running on http://localhost:5000
[2025-06-02 14:39:49] INFO: Application setup complete
[2025-06-02 14:39:49] INFO: Connected to MongoDB
[2025-06-02 14:39:49] INFO: Scheduled meal creation cron job
[2025-06-02 14:39:49] INFO: Server running on http://localhost:5000
[2025-06-02 14:40:14] INFO: Application setup complete
[2025-06-02 14:40:14] INFO: Connected to MongoDB
[2025-06-02 14:40:14] INFO: Scheduled meal creation cron job
[2025-06-02 14:40:14] INFO: Server running on http://localhost:5000
[2025-06-02 14:40:28] INFO: Application setup complete
[2025-06-02 14:40:28] INFO: Connected to MongoDB
[2025-06-02 14:40:28] INFO: Scheduled meal creation cron job
[2025-06-02 14:40:28] INFO: Server running on http://localhost:5000
[2025-06-02 14:40:40] INFO: Application setup complete
[2025-06-02 14:40:40] INFO: Connected to MongoDB
[2025-06-02 14:40:40] INFO: Scheduled meal creation cron job
[2025-06-02 14:40:40] INFO: Server running on http://localhost:5000
[2025-06-02 14:40:59] INFO: Application setup complete
[2025-06-02 14:40:59] INFO: Connected to MongoDB
[2025-06-02 14:40:59] INFO: Scheduled meal creation cron job
[2025-06-02 14:40:59] INFO: Server running on http://localhost:5000
[2025-06-02 14:41:14] INFO: Application setup complete
[2025-06-02 14:41:14] INFO: Connected to MongoDB
[2025-06-02 14:41:14] INFO: Scheduled meal creation cron job
[2025-06-02 14:41:15] INFO: Server running on http://localhost:5000
[2025-06-02 14:42:20] INFO: Application setup complete
[2025-06-02 14:42:20] INFO: Connected to MongoDB
[2025-06-02 14:42:20] INFO: Scheduled meal creation cron job
[2025-06-02 14:42:20] INFO: Server running on http://localhost:5000
[2025-06-02 14:42:28] INFO: Application setup complete
[2025-06-02 14:42:29] INFO: Connected to MongoDB
[2025-06-02 14:42:29] INFO: Scheduled meal creation cron job
[2025-06-02 14:42:29] INFO: Server running on http://localhost:5000
[2025-06-02 14:42:56] INFO: POST /api/v1/auth/signup 201 7341.864 ms
[2025-06-02 14:43:30] INFO: POST /api/v1/auth/signin 200 68.055 ms
[2025-06-02 14:46:38] INFO: POST /api/v1/auth/signin 200 65.837 ms
[2025-06-02 14:47:47] INFO: POST /api/v1/auth/signin 200 64.417 ms
[2025-06-02 14:48:16] INFO: POST /api/v1/meal/create-monthly-meals-for-user 400 10.844 ms
[2025-06-02 14:48:27] INFO: POST /api/v1/meal/create-monthly-meals-for-user 400 4.420 ms
[2025-06-02 14:48:34] INFO: POST /api/v1/meal/create-monthly-meals-for-user 404 21.786 ms
[2025-06-02 14:49:05] INFO: Application setup complete
[2025-06-02 14:49:05] INFO: Connected to MongoDB
[2025-06-02 14:49:05] INFO: Scheduled meal creation cron job
[2025-06-02 14:49:05] INFO: Server running on http://localhost:5000
[2025-06-02 14:49:18] INFO: Application setup complete
[2025-06-02 14:49:19] INFO: Connected to MongoDB
[2025-06-02 14:49:19] INFO: Scheduled meal creation cron job
[2025-06-02 14:49:19] INFO: Server running on http://localhost:5000
[2025-06-02 14:49:26] INFO: POST /api/v1/meal/create-monthly-meals-for-user 403 20.858 ms
[2025-06-02 14:49:49] INFO: Application setup complete
[2025-06-02 14:49:49] INFO: Connected to MongoDB
[2025-06-02 14:49:50] INFO: Scheduled meal creation cron job
[2025-06-02 14:49:50] INFO: Server running on http://localhost:5000
[2025-06-02 14:49:53] INFO: POST /api/v1/meal/create-monthly-meals-for-user 404 30.329 ms
[2025-06-02 14:50:52] INFO: Application setup complete
[2025-06-02 14:50:52] INFO: Connected to MongoDB
[2025-06-02 14:50:52] INFO: Scheduled meal creation cron job
[2025-06-02 14:50:52] INFO: Server running on http://localhost:5000
[2025-06-02 14:51:13] INFO: POST /api/v1/meal/create-monthly-meals-for-user 404 31.776 ms
[2025-06-02 14:52:06] INFO: Application setup complete
[2025-06-02 14:52:06] INFO: Connected to MongoDB
[2025-06-02 14:52:06] INFO: Scheduled meal creation cron job
[2025-06-02 14:52:06] INFO: Server running on http://localhost:5000
[2025-06-02 14:52:11] INFO: Application setup complete
[2025-06-02 14:52:11] INFO: Connected to MongoDB
[2025-06-02 14:52:11] INFO: Scheduled meal creation cron job
[2025-06-02 14:52:11] INFO: Server running on http://localhost:5000
[2025-06-02 14:52:22] INFO: POST /api/v1/meal/create-monthly-meals-for-user 404 27.623 ms
[2025-06-02 14:53:18] INFO: Application setup complete
[2025-06-02 14:53:18] INFO: Connected to MongoDB
[2025-06-02 14:53:18] INFO: Scheduled meal creation cron job
[2025-06-02 14:53:18] INFO: Server running on http://localhost:5000
[2025-06-02 14:53:45] INFO: Application setup complete
[2025-06-02 14:53:45] INFO: Connected to MongoDB
[2025-06-02 14:53:45] INFO: Scheduled meal creation cron job
[2025-06-02 14:53:45] INFO: Server running on http://localhost:5000
[2025-06-02 14:53:47] INFO: POST /api/v1/meal/create-monthly-meals-for-user 403 20.476 ms
[2025-06-02 14:53:54] INFO: POST /api/v1/meal/create-monthly-meals-for-user 403 6.220 ms
[2025-06-02 14:54:24] INFO: Application setup complete
[2025-06-02 14:54:24] INFO: Connected to MongoDB
[2025-06-02 14:54:24] INFO: Scheduled meal creation cron job
[2025-06-02 14:54:24] INFO: Server running on http://localhost:5000
[2025-06-02 14:54:32] INFO: POST /api/v1/meal/create-monthly-meals-for-user 403 19.286 ms
[2025-06-02 14:54:50] INFO: Application setup complete
[2025-06-02 14:54:50] INFO: Connected to MongoDB
[2025-06-02 14:54:50] INFO: Scheduled meal creation cron job
[2025-06-02 14:54:50] INFO: Server running on http://localhost:5000
[2025-06-02 14:54:52] INFO: POST /api/v1/meal/create-monthly-meals-for-user 403 18.151 ms
[2025-06-02 14:55:13] INFO: POST /api/v1/meal/create-monthly-meals-for-user 403 8.223 ms
[2025-06-02 14:55:27] INFO: Application setup complete
[2025-06-02 14:55:27] INFO: Connected to MongoDB
[2025-06-02 14:55:27] INFO: Scheduled meal creation cron job
[2025-06-02 14:55:27] INFO: Server running on http://localhost:5000
[2025-06-02 14:55:50] INFO: Application setup complete
[2025-06-02 14:55:50] INFO: Connected to MongoDB
[2025-06-02 14:55:50] INFO: Scheduled meal creation cron job
[2025-06-02 14:55:50] INFO: Server running on http://localhost:5000
[2025-06-02 14:55:54] INFO: POST /api/v1/meal/create-monthly-meals-for-user 403 19.792 ms
[2025-06-02 14:57:20] INFO: POST /api/v1/auth/signup 201 3757.515 ms
[2025-06-02 15:00:02] INFO: POST /api/v1/auth/signin 200 65.425 ms
[2025-06-02 15:00:21] INFO: POST /api/v1/mess/join-mess 200 25.192 ms
[2025-06-02 15:00:48] INFO: POST /api/v1/auth/signin 200 63.549 ms
[2025-06-02 15:01:19] INFO: POST /api/v1/meal/create-monthly-meals-for-user 403 6.558 ms
[2025-06-02 15:01:20] INFO: POST /api/v1/meal/create-monthly-meals-for-user 403 5.091 ms
[2025-06-02 15:01:21] INFO: POST /api/v1/meal/create-monthly-meals-for-user 403 5.875 ms
[2025-06-02 15:01:22] INFO: POST /api/v1/meal/create-monthly-meals-for-user 403 5.603 ms
[2025-06-02 15:01:22] INFO: POST /api/v1/meal/create-monthly-meals-for-user 403 5.139 ms
[2025-06-02 15:01:43] INFO: POST /api/v1/meal/create-monthly-meals-for-user 200 48.644 ms
[2025-06-02 15:02:57] INFO: GET /api/v1/report 200 15.352 ms
[2025-06-02 15:03:36] INFO: Application setup complete
[2025-06-02 15:03:36] INFO: Connected to MongoDB
[2025-06-02 15:03:36] INFO: Scheduled meal creation cron job
[2025-06-02 15:03:36] INFO: Server running on http://localhost:5000
[2025-06-02 15:03:42] INFO: Application setup complete
[2025-06-02 15:03:42] INFO: Connected to MongoDB
[2025-06-02 15:03:42] INFO: Scheduled meal creation cron job
[2025-06-02 15:03:42] INFO: Server running on http://localhost:5000
[2025-06-02 15:07:23] INFO: Application setup complete
[2025-06-02 15:07:23] INFO: Connected to MongoDB
[2025-06-02 15:07:23] INFO: Scheduled meal creation cron job
[2025-06-02 15:07:23] INFO: Server running on http://localhost:5000
[2025-06-02 15:08:27] INFO: Application setup complete
[2025-06-02 15:08:27] INFO: Connected to MongoDB
[2025-06-02 15:08:27] INFO: Scheduled meal creation cron job
[2025-06-02 15:08:27] INFO: Server running on http://localhost:5000
[2025-06-02 16:12:43] INFO: Application setup complete
[2025-06-02 16:12:43] INFO: Connected to MongoDB
[2025-06-02 16:12:43] INFO: Scheduled meal creation cron job
[2025-06-02 16:12:43] INFO: Server running on http://localhost:5000
[2025-06-02 17:45:28] INFO: GET /api/v1/report 401 7.469 ms
[2025-06-02 17:48:20] INFO: Application setup complete
[2025-06-02 17:48:21] INFO: Connected to MongoDB
[2025-06-02 17:48:21] INFO: Scheduled meal creation cron job
[2025-06-02 17:48:21] INFO: Server running on http://localhost:5000
[2025-06-02 17:57:08] INFO: Application setup complete
[2025-06-02 17:57:08] INFO: Connected to MongoDB
[2025-06-02 17:57:08] INFO: Scheduled meal creation cron job
[2025-06-02 17:57:08] INFO: Server running on http://localhost:5000
[2025-06-02 18:15:39] INFO: Application setup complete
[2025-06-02 18:15:39] INFO: Connected to MongoDB
[2025-06-02 18:15:39] INFO: Scheduled meal creation cron job
[2025-06-02 18:15:39] INFO: Server running on http://localhost:5000
[2025-06-02 18:15:56] INFO: Application setup complete
[2025-06-02 18:15:56] INFO: Connected to MongoDB
[2025-06-02 18:15:56] INFO: Scheduled meal creation cron job
[2025-06-02 18:15:56] INFO: Server running on http://localhost:5000
[2025-06-02 18:16:11] INFO: Application setup complete
[2025-06-02 18:16:11] INFO: Connected to MongoDB
[2025-06-02 18:16:11] INFO: Scheduled meal creation cron job
[2025-06-02 18:16:11] INFO: Server running on http://localhost:5000
[2025-06-02 18:16:37] INFO: Application setup complete
[2025-06-02 18:16:37] INFO: Connected to MongoDB
[2025-06-02 18:16:37] INFO: Scheduled meal creation cron job
[2025-06-02 18:16:37] INFO: Server running on http://localhost:5000
[2025-06-02 18:17:48] INFO: Application setup complete
[2025-06-02 18:17:48] INFO: Connected to MongoDB
[2025-06-02 18:17:48] INFO: Scheduled meal creation cron job
[2025-06-02 18:17:48] INFO: Server running on http://localhost:5000
[2025-06-02 18:22:39] INFO: Root route accessed
[2025-06-02 18:22:39] INFO: GET / 304 2.338 ms
[2025-06-02 18:23:06] INFO: Root route accessed
[2025-06-02 18:23:06] INFO: GET / 304 0.772 ms
[2025-06-02 18:23:07] INFO: Root route accessed
[2025-06-02 18:23:07] INFO: GET / 304 1.250 ms
[2025-06-02 18:23:10] INFO: Root route accessed
[2025-06-02 18:23:10] INFO: GET / 304 0.742 ms
[2025-06-02 18:23:11] INFO: Root route accessed
[2025-06-02 18:23:11] INFO: GET / 304 0.559 ms
[2025-06-02 18:23:11] INFO: Root route accessed
[2025-06-02 18:23:11] INFO: GET / 304 0.769 ms
[2025-06-02 18:23:11] INFO: Root route accessed
[2025-06-02 18:23:11] INFO: GET / 304 0.635 ms
[2025-06-02 18:23:11] INFO: Root route accessed
[2025-06-02 18:23:11] INFO: GET / 304 0.565 ms
[2025-06-02 18:23:11] INFO: Root route accessed
[2025-06-02 18:23:11] INFO: GET / 304 0.676 ms
[2025-06-02 18:23:12] INFO: Root route accessed
[2025-06-02 18:23:12] INFO: GET / 304 0.568 ms
[2025-06-02 18:23:12] INFO: Root route accessed
[2025-06-02 18:23:12] INFO: GET / 304 0.598 ms
[2025-06-02 18:23:12] INFO: Root route accessed
[2025-06-02 18:23:12] INFO: GET / 304 0.703 ms
[2025-06-02 18:23:12] INFO: Root route accessed
[2025-06-02 18:23:12] INFO: GET / 304 0.627 ms
[2025-06-02 18:23:12] INFO: Root route accessed
[2025-06-02 18:23:12] INFO: GET / 304 0.580 ms
[2025-06-02 18:23:13] INFO: Root route accessed
[2025-06-02 18:23:13] INFO: GET / 304 0.605 ms
[2025-06-02 18:23:13] INFO: Root route accessed
[2025-06-02 18:23:13] INFO: GET / 304 0.640 ms
[2025-06-02 18:23:13] INFO: Root route accessed
[2025-06-02 18:23:13] INFO: GET / 304 0.533 ms
[2025-06-02 20:47:39] INFO: Application setup complete
[2025-06-02 20:47:40] INFO: Connected to MongoDB
[2025-06-02 20:47:40] INFO: Scheduled meal creation cron job
[2025-06-02 20:47:40] INFO: Server running on http://localhost:5000
[2025-06-02 20:48:30] INFO: GET /api/v1/report 401 7.890 ms
[2025-06-02 20:48:39] INFO: POST /api/v1/auth/signin 200 95.928 ms
[2025-06-02 20:49:05] INFO: GET /api/v1/report 200 165.343 ms
[2025-06-02 20:52:28] INFO: Application setup complete
[2025-06-02 20:52:28] INFO: Connected to MongoDB
[2025-06-02 20:52:28] INFO: Scheduled meal creation cron job
[2025-06-02 20:52:28] INFO: Server running on http://localhost:5000
[2025-06-02 20:52:37] INFO: Application setup complete
[2025-06-02 20:52:37] INFO: Connected to MongoDB
[2025-06-02 20:52:37] INFO: Scheduled meal creation cron job
[2025-06-02 20:52:37] INFO: Server running on http://localhost:5000
[2025-06-02 20:53:04] INFO: Application setup complete
[2025-06-02 20:53:04] INFO: Connected to MongoDB
[2025-06-02 20:53:04] INFO: Scheduled meal creation cron job
[2025-06-02 20:53:04] INFO: Server running on http://localhost:5000
[2025-06-02 20:53:08] INFO: Application setup complete
[2025-06-02 20:53:09] INFO: Connected to MongoDB
[2025-06-02 20:53:09] INFO: Scheduled meal creation cron job
[2025-06-02 20:53:09] INFO: Server running on http://localhost:5000
[2025-06-02 20:53:31] INFO: Application setup complete
[2025-06-02 20:53:31] INFO: Connected to MongoDB
[2025-06-02 20:53:31] INFO: Scheduled meal creation cron job
[2025-06-02 20:53:31] INFO: Server running on http://localhost:5000
[2025-06-02 20:53:40] INFO: Application setup complete
[2025-06-02 20:53:40] INFO: Connected to MongoDB
[2025-06-02 20:53:40] INFO: Scheduled meal creation cron job
[2025-06-02 20:53:40] INFO: Server running on http://localhost:5000
[2025-06-02 20:53:54] INFO: POST /api/v1/settings 400 17.307 ms
[2025-06-02 20:54:22] INFO: POST /api/v1/settings 400 4.257 ms
[2025-06-02 20:54:36] INFO: POST /api/v1/settings 403 5.596 ms
[2025-06-02 20:55:34] INFO: POST /api/v1/settings 403 4.227 ms
[2025-06-02 20:56:38] INFO: Application setup complete
[2025-06-02 20:56:39] INFO: Connected to MongoDB
[2025-06-02 20:56:39] INFO: Scheduled meal creation cron job
[2025-06-02 20:56:39] INFO: Server running on http://localhost:5000
[2025-06-02 20:56:39] INFO: POST /api/v1/settings 403 19.552 ms
[2025-06-02 20:57:10] INFO: Application setup complete
[2025-06-02 20:57:10] INFO: Connected to MongoDB
[2025-06-02 20:57:10] INFO: Scheduled meal creation cron job
[2025-06-02 20:57:10] INFO: Server running on http://localhost:5000
[2025-06-02 20:57:14] INFO: POST /api/v1/settings 201 42.299 ms
[2025-06-02 20:58:42] INFO: POST /api/v1/settings 201 17.445 ms
[2025-06-02 20:58:45] INFO: POST /api/v1/settings 400 11.813 ms
[2025-06-02 20:58:46] INFO: POST /api/v1/settings 400 7.489 ms
[2025-06-02 20:59:19] INFO: Application setup complete
[2025-06-02 20:59:19] INFO: Connected to MongoDB
[2025-06-02 20:59:19] INFO: Scheduled meal creation cron job
[2025-06-02 20:59:19] INFO: Server running on http://localhost:5000
[2025-06-02 20:59:34] INFO: Application setup complete
[2025-06-02 20:59:34] INFO: Connected to MongoDB
[2025-06-02 20:59:34] INFO: Scheduled meal creation cron job
[2025-06-02 20:59:34] INFO: Server running on http://localhost:5000
[2025-06-02 21:00:01] INFO: Application setup complete
[2025-06-02 21:00:01] INFO: Connected to MongoDB
[2025-06-02 21:00:01] INFO: Scheduled meal creation cron job
[2025-06-02 21:00:01] INFO: Server running on http://localhost:5000
[2025-06-02 21:01:09] INFO: Application setup complete
[2025-06-02 21:01:09] INFO: Connected to MongoDB
[2025-06-02 21:01:09] INFO: Scheduled meal creation cron job
[2025-06-02 21:01:09] INFO: Server running on http://localhost:5000
[2025-06-02 21:01:19] INFO: Application setup complete
[2025-06-02 21:01:19] INFO: Connected to MongoDB
[2025-06-02 21:01:19] INFO: Scheduled meal creation cron job
[2025-06-02 21:01:19] INFO: Server running on http://localhost:5000
[2025-06-02 21:02:39] INFO: Application setup complete
[2025-06-02 21:02:39] INFO: Connected to MongoDB
[2025-06-02 21:02:39] INFO: Scheduled meal creation cron job
[2025-06-02 21:02:39] INFO: Server running on http://localhost:5000
[2025-06-02 21:02:41] INFO: POST /api/v1/settings 201 55.387 ms
[2025-06-02 21:03:10] INFO: POST /api/v1/settings 400 6.852 ms
[2025-06-02 21:03:12] INFO: POST /api/v1/settings 400 4.453 ms
[2025-06-02 21:03:12] INFO: POST /api/v1/settings 400 4.494 ms
[2025-06-02 21:03:13] INFO: POST /api/v1/settings 400 3.832 ms
[2025-06-02 21:03:13] INFO: POST /api/v1/settings 400 4.270 ms
[2025-06-02 21:03:14] INFO: POST /api/v1/settings 400 4.550 ms
[2025-06-02 21:03:29] INFO: Application setup complete
[2025-06-02 21:03:29] INFO: Connected to MongoDB
[2025-06-02 21:03:29] INFO: Scheduled meal creation cron job
[2025-06-02 21:03:29] INFO: Server running on http://localhost:5000
[2025-06-02 21:03:33] INFO: Application setup complete
[2025-06-02 21:03:33] INFO: Connected to MongoDB
[2025-06-02 21:03:33] INFO: Scheduled meal creation cron job
[2025-06-02 21:03:33] INFO: Server running on http://localhost:5000
[2025-06-02 21:03:39] INFO: POST /api/v1/settings 400 29.750 ms
[2025-06-02 21:03:41] INFO: POST /api/v1/settings 400 16.735 ms
[2025-06-02 21:04:11] INFO: Application setup complete
[2025-06-02 21:04:11] INFO: Connected to MongoDB
[2025-06-02 21:04:11] INFO: Scheduled meal creation cron job
[2025-06-02 21:04:11] INFO: Server running on http://localhost:5000
